2021-02-17 13:14:29 |INFO  |main |StartupInfoLogger.java:55 |com.river.site.SiteApplication |Starting SiteApplication on DESKTOP-AFTLI5O with PID 8372 (D:\river-boot\rivert-site.jar_release\rivert-site-api.jar started by DESKTOP-AFTLI5O$ in D:\river-boot\rivert-site.jar_release)
2021-02-17 13:14:30 |INFO  |main |SpringApplication.java:655 |com.river.site.SiteApplication |The following profiles are active: dev
2021-02-17 13:17:52 |INFO  |main |AutoProxyRegistrar.java:83 |org.springframework.context.annotation.AutoProxyRegistrar |AutoProxyRegistrar was imported but no annotations were found having both 'mode' and 'proxyTargetClass' attributes of type AdviceMode and boolean respectively. This means that auto proxy creator registration and configuration may not have occurred as intended, and components may not be proxied as expected. Check to ensure that AutoProxyRegistrar has been @Import'ed on the same class where these annotations are declared; otherwise remove the import of AutoProxyRegistrar altogether.
2021-02-17 13:18:07 |INFO  |main |RepositoryConfigurationDelegate.java:249 |org.springframework.data.repository.config.RepositoryConfigurationDelegate |Multiple Spring Data modules found, entering strict repository configuration mode!
2021-02-17 13:18:08 |INFO  |main |RepositoryConfigurationDelegate.java:127 |org.springframework.data.repository.config.RepositoryConfigurationDelegate |Bootstrapping Spring Data Redis repositories in DEFAULT mode.
2021-02-17 13:18:11 |INFO  |main |RepositoryConfigurationDelegate.java:187 |org.springframework.data.repository.config.RepositoryConfigurationDelegate |Finished Spring Data repository scanning in 1061ms. Found 0 Redis repository interfaces.
2021-02-17 13:19:05 |INFO  |main |PostProcessorRegistrationDelegate.java:335 |org.springframework.context.support.PostProcessorRegistrationDelegate$BeanPostProcessorChecker |Bean 'org.springframework.security.access.expression.method.DefaultMethodSecurityExpressionHandler@7d286fb6' of type [org.springframework.security.access.expression.method.DefaultMethodSecurityExpressionHandler] is not eligible for getting processed by all BeanPostProcessors (for example: not eligible for auto-proxying)
2021-02-17 13:19:05 |INFO  |main |PostProcessorRegistrationDelegate.java:335 |org.springframework.context.support.PostProcessorRegistrationDelegate$BeanPostProcessorChecker |Bean 'methodSecurityMetadataSource' of type [org.springframework.security.access.method.DelegatingMethodSecurityMetadataSource] is not eligible for getting processed by all BeanPostProcessors (for example: not eligible for auto-proxying)
2021-02-17 13:19:44 |INFO  |main |ServletContextImpl.java:364 |io.undertow.servlet |Initializing Spring embedded WebApplicationContext
2021-02-17 13:19:44 |INFO  |main |ServletWebServerApplicationContext.java:285 |org.springframework.boot.web.servlet.context.ServletWebServerApplicationContext |Root WebApplicationContext: initialization completed in 310411 ms
2021-02-17 13:21:27 |INFO  |main |QuartzInitializerListener.java:147 |org.quartz.ee.servlet.QuartzInitializerListener |Quartz Initializer Servlet loaded, initializing Scheduler...
2021-02-17 13:21:28 |INFO  |main |StdSchedulerFactory.java:1172 |org.quartz.impl.StdSchedulerFactory |Using default implementation for ThreadExecutor
2021-02-17 13:21:28 |INFO  |main |SimpleThreadPool.java:268 |org.quartz.simpl.SimpleThreadPool |Job execution threads will use class loader of thread: main
2021-02-17 13:21:29 |INFO  |main |SchedulerSignalerImpl.java:61 |org.quartz.core.SchedulerSignalerImpl |Initialized Scheduler Signaller of type: class org.quartz.core.SchedulerSignalerImpl
2021-02-17 13:21:29 |INFO  |main |QuartzScheduler.java:240 |org.quartz.core.QuartzScheduler |Quartz Scheduler v.2.2.3 created.
2021-02-17 13:21:29 |INFO  |main |RAMJobStore.java:155 |org.quartz.simpl.RAMJobStore |RAMJobStore initialized.
2021-02-17 13:21:29 |INFO  |main |QuartzScheduler.java:305 |org.quartz.core.QuartzScheduler |Scheduler meta-data: Quartz Scheduler (v2.2.3) 'DefaultQuartzScheduler' with instanceId 'NON_CLUSTERED'
  Scheduler class: 'org.quartz.core.QuartzScheduler' - running locally.
  NOT STARTED.
  Currently in standby mode.
  Number of jobs executed: 0
  Using thread pool 'org.quartz.simpl.SimpleThreadPool' - with 10 threads.
  Using job-store 'org.quartz.simpl.RAMJobStore' - which does not support persistence. and is not clustered.

2021-02-17 13:21:29 |INFO  |main |StdSchedulerFactory.java:1327 |org.quartz.impl.StdSchedulerFactory |Quartz scheduler 'DefaultQuartzScheduler' initialized from default resource file in Quartz package: 'quartz.properties'
2021-02-17 13:21:29 |INFO  |main |StdSchedulerFactory.java:1331 |org.quartz.impl.StdSchedulerFactory |Quartz scheduler version: 2.2.3
2021-02-17 13:21:29 |INFO  |main |QuartzScheduler.java:575 |org.quartz.core.QuartzScheduler |Scheduler DefaultQuartzScheduler_$_NON_CLUSTERED started.
2021-02-17 13:21:29 |INFO  |main |QuartzInitializerListener.java:199 |org.quartz.ee.servlet.QuartzInitializerListener |Scheduler has been started...
2021-02-17 13:21:29 |INFO  |main |QuartzInitializerListener.java:217 |org.quartz.ee.servlet.QuartzInitializerListener |Storing the Quartz Scheduler Factory in the servlet context at key: org.quartz.impl.StdSchedulerFactory.KEY
2021-02-17 13:21:43 |INFO  |main |TestController.java:35 |com.river.site.controller.publics.TestController |线程池初始化
2021-02-17 13:21:43 |INFO  |main |TestController.java:56 |com.river.site.controller.publics.TestController |线程池初始化完了
2021-02-17 13:21:46 |INFO  |main |StdSchedulerFactory.java:1172 |org.quartz.impl.StdSchedulerFactory |Using default implementation for ThreadExecutor
2021-02-17 13:21:46 |INFO  |main |SimpleThreadPool.java:268 |org.quartz.simpl.SimpleThreadPool |Job execution threads will use class loader of thread: main
2021-02-17 13:21:46 |INFO  |main |SchedulerSignalerImpl.java:61 |org.quartz.core.SchedulerSignalerImpl |Initialized Scheduler Signaller of type: class org.quartz.core.SchedulerSignalerImpl
2021-02-17 13:21:46 |INFO  |main |QuartzScheduler.java:240 |org.quartz.core.QuartzScheduler |Quartz Scheduler v.2.2.3 created.
2021-02-17 13:21:46 |INFO  |main |ShutdownHookPlugin.java:120 |org.quartz.plugins.management.ShutdownHookPlugin |Registering Quartz shutdown hook.
2021-02-17 13:21:46 |INFO  |main |HikariDataSource.java:110 |com.zaxxer.hikari.HikariDataSource |HikariPool-1 - Starting...
2021-02-17 13:21:50 |INFO  |main |HikariDataSource.java:123 |com.zaxxer.hikari.HikariDataSource |HikariPool-1 - Start completed.
2021-02-17 13:21:50 |INFO  |main |JobStoreSupport.java:667 |org.springframework.scheduling.quartz.LocalDataSourceJobStore |Using db table-based data access locking (synchronization).
2021-02-17 13:21:50 |INFO  |main |JobStoreCMT.java:145 |org.springframework.scheduling.quartz.LocalDataSourceJobStore |JobStoreCMT initialized.
2021-02-17 13:21:50 |INFO  |main |QuartzScheduler.java:305 |org.quartz.core.QuartzScheduler |Scheduler meta-data: Quartz Scheduler (v2.2.3) 'schedulerFactoryBean' with instanceId 'DESKTOP-AFTLI5O1613539306178'
  Scheduler class: 'org.quartz.core.QuartzScheduler' - running locally.
  NOT STARTED.
  Currently in standby mode.
  Number of jobs executed: 0
  Using thread pool 'org.quartz.simpl.SimpleThreadPool' - with 20 threads.
  Using job-store 'org.springframework.scheduling.quartz.LocalDataSourceJobStore' - which supports persistence. and is clustered.

2021-02-17 13:21:50 |INFO  |main |StdSchedulerFactory.java:1327 |org.quartz.impl.StdSchedulerFactory |Quartz scheduler 'schedulerFactoryBean' initialized from an externally provided properties instance.
2021-02-17 13:21:50 |INFO  |main |StdSchedulerFactory.java:1331 |org.quartz.impl.StdSchedulerFactory |Quartz scheduler version: 2.2.3
2021-02-17 13:21:50 |INFO  |main |QuartzScheduler.java:2311 |org.quartz.core.QuartzScheduler |JobFactory set to: com.river.site.quartz.JobFactory@34a1d21f
2021-02-17 13:22:24 |INFO  |main |EndpointLinksResolver.java:58 |org.springframework.boot.actuate.endpoint.web.EndpointLinksResolver |Exposing 2 endpoint(s) beneath base path '/actuator'
2021-02-17 13:22:33 |INFO  |main |DefaultSecurityFilterChain.java:43 |org.springframework.security.web.DefaultSecurityFilterChain |Creating filter chain: Ant [pattern='/css/**'], []
2021-02-17 13:22:34 |INFO  |main |DefaultSecurityFilterChain.java:43 |org.springframework.security.web.DefaultSecurityFilterChain |Creating filter chain: OrRequestMatcher [requestMatchers=[Ant [pattern='/oauth/token'], Ant [pattern='/oauth/token_key'], Ant [pattern='/oauth/check_token']]], [org.springframework.security.web.context.request.async.WebAsyncManagerIntegrationFilter@57a4d5ee, org.springframework.security.web.context.SecurityContextPersistenceFilter@6831d8fd, org.springframework.security.web.header.HeaderWriterFilter@2c22a348, org.springframework.security.web.authentication.logout.LogoutFilter@6058e535, org.springframework.security.oauth2.provider.client.ClientCredentialsTokenEndpointFilter@1cefc4b3, org.springframework.security.web.authentication.www.BasicAuthenticationFilter@15deb1dc, org.springframework.security.web.savedrequest.RequestCacheAwareFilter@6b85300e, org.springframework.security.web.servletapi.SecurityContextHolderAwareRequestFilter@5cbf9e9f, org.springframework.security.web.authentication.AnonymousAuthenticationFilter@5af5def9, org.springframework.security.web.session.SessionManagementFilter@74d7184a, org.springframework.security.web.access.ExceptionTranslationFilter@12f3afb5, org.springframework.security.web.access.intercept.FilterSecurityInterceptor@7561db12]
2021-02-17 13:22:35 |INFO  |main |DefaultSecurityFilterChain.java:43 |org.springframework.security.web.DefaultSecurityFilterChain |Creating filter chain: org.springframework.security.oauth2.config.annotation.web.configuration.ResourceServerConfiguration$NotOAuthRequestMatcher@19868320, [org.springframework.security.web.context.request.async.WebAsyncManagerIntegrationFilter@50b0bc4c, org.springframework.security.web.context.SecurityContextPersistenceFilter@106faf11, org.springframework.security.web.header.HeaderWriterFilter@33aa93c, org.springframework.security.web.authentication.logout.LogoutFilter@7dd712e8, org.springframework.security.oauth2.provider.authentication.OAuth2AuthenticationProcessingFilter@22ee2d0, org.springframework.security.web.savedrequest.RequestCacheAwareFilter@70f43b45, org.springframework.security.web.servletapi.SecurityContextHolderAwareRequestFilter@26d10f2e, org.springframework.security.web.authentication.AnonymousAuthenticationFilter@c20be82, org.springframework.security.web.session.SessionManagementFilter@32c0915e, org.springframework.security.web.access.ExceptionTranslationFilter@7692cd34, org.springframework.security.web.access.intercept.FilterSecurityInterceptor@6a1ebcff]
2021-02-17 13:22:35 |INFO  |main |DefaultSecurityFilterChain.java:43 |org.springframework.security.web.DefaultSecurityFilterChain |Creating filter chain: any request, [org.springframework.security.web.context.request.async.WebAsyncManagerIntegrationFilter@315df4bb, org.springframework.security.web.context.SecurityContextPersistenceFilter@6a175569, org.springframework.security.web.header.HeaderWriterFilter@3d526ad9, org.springframework.security.web.authentication.logout.LogoutFilter@4102b1b1, org.springframework.security.web.authentication.UsernamePasswordAuthenticationFilter@3a71c100, org.springframework.security.web.savedrequest.RequestCacheAwareFilter@11963225, org.springframework.security.web.servletapi.SecurityContextHolderAwareRequestFilter@3f3c966c, org.springframework.security.web.authentication.AnonymousAuthenticationFilter@3fc08eec, org.springframework.security.web.session.SessionManagementFilter@e041f0c, org.springframework.security.web.access.ExceptionTranslationFilter@28fa700e, org.springframework.security.web.access.intercept.FilterSecurityInterceptor@4d4d48a6]
2021-02-17 13:22:35 |INFO  |main |PropertySourcedRequestMappingHandlerMapping.java:69 |springfox.documentation.spring.web.PropertySourcedRequestMappingHandlerMapping |Mapped URL path [/v2/api-docs] onto method [springfox.documentation.swagger2.web.Swagger2Controller#getDocumentation(String, HttpServletRequest)]
2021-02-17 13:22:39 |INFO  |main |ExecutorConfigurationSupport.java:181 |org.springframework.scheduling.concurrent.ThreadPoolTaskExecutor |Initializing ExecutorService 'applicationTaskExecutor'
2021-02-17 13:23:09 |INFO  |main |Undertow.java:117 |io.undertow |starting server: Undertow - 2.1.3.Final
2021-02-17 13:23:11 |INFO  |main |Xnio.java:95 |org.xnio |XNIO version 3.8.0.Final
2021-02-17 13:23:12 |INFO  |main |NioXnio.java:59 |org.xnio.nio |XNIO NIO Implementation Version 3.8.0.Final
2021-02-17 13:23:13 |INFO  |main |Version.java:52 |org.jboss.threads |JBoss Threads version 3.1.0.Final
2021-02-17 13:23:14 |INFO  |main |UndertowWebServer.java:133 |org.springframework.boot.web.embedded.undertow.UndertowWebServer |Undertow started on port(s) 9999 (http)
2021-02-17 13:23:14 |INFO  |main |DocumentationPluginsBootstrapper.java:160 |springfox.documentation.spring.web.plugins.DocumentationPluginsBootstrapper |Context refreshed
2021-02-17 13:23:14 |INFO  |main |DocumentationPluginsBootstrapper.java:163 |springfox.documentation.spring.web.plugins.DocumentationPluginsBootstrapper |Found 2 custom documentation plugin(s)
2021-02-17 13:23:17 |INFO  |main |ApiListingReferenceScanner.java:41 |springfox.documentation.spring.web.scanners.ApiListingReferenceScanner |Scanning for api listing references
2021-02-17 13:23:27 |INFO  |main |CachingOperationNameGenerator.java:40 |springfox.documentation.spring.web.readers.operation.CachingOperationNameGenerator |Generating unique operation named: deleteUsingPOST_1
2021-02-17 13:23:27 |INFO  |main |CachingOperationNameGenerator.java:40 |springfox.documentation.spring.web.readers.operation.CachingOperationNameGenerator |Generating unique operation named: modifyUsingPOST_1
2021-02-17 13:23:27 |INFO  |main |CachingOperationNameGenerator.java:40 |springfox.documentation.spring.web.readers.operation.CachingOperationNameGenerator |Generating unique operation named: queryUsingGET_1
2021-02-17 13:23:27 |INFO  |main |CachingOperationNameGenerator.java:40 |springfox.documentation.spring.web.readers.operation.CachingOperationNameGenerator |Generating unique operation named: queryUsingHEAD_1
2021-02-17 13:23:27 |INFO  |main |CachingOperationNameGenerator.java:40 |springfox.documentation.spring.web.readers.operation.CachingOperationNameGenerator |Generating unique operation named: queryUsingPOST_1
2021-02-17 13:23:27 |INFO  |main |CachingOperationNameGenerator.java:40 |springfox.documentation.spring.web.readers.operation.CachingOperationNameGenerator |Generating unique operation named: queryUsingPUT_1
2021-02-17 13:23:27 |INFO  |main |CachingOperationNameGenerator.java:40 |springfox.documentation.spring.web.readers.operation.CachingOperationNameGenerator |Generating unique operation named: queryUsingPATCH_1
2021-02-17 13:23:27 |INFO  |main |CachingOperationNameGenerator.java:40 |springfox.documentation.spring.web.readers.operation.CachingOperationNameGenerator |Generating unique operation named: queryUsingDELETE_1
2021-02-17 13:23:27 |INFO  |main |CachingOperationNameGenerator.java:40 |springfox.documentation.spring.web.readers.operation.CachingOperationNameGenerator |Generating unique operation named: queryUsingOPTIONS_1
2021-02-17 13:23:28 |INFO  |main |CachingOperationNameGenerator.java:40 |springfox.documentation.spring.web.readers.operation.CachingOperationNameGenerator |Generating unique operation named: queryUsingTRACE_1
2021-02-17 13:23:28 |INFO  |main |CachingOperationNameGenerator.java:40 |springfox.documentation.spring.web.readers.operation.CachingOperationNameGenerator |Generating unique operation named: deleteUsingPOST_2
2021-02-17 13:23:31 |INFO  |main |CachingOperationNameGenerator.java:40 |springfox.documentation.spring.web.readers.operation.CachingOperationNameGenerator |Generating unique operation named: queryUsingGET_2
2021-02-17 13:23:31 |INFO  |main |CachingOperationNameGenerator.java:40 |springfox.documentation.spring.web.readers.operation.CachingOperationNameGenerator |Generating unique operation named: queryUsingHEAD_2
2021-02-17 13:23:31 |INFO  |main |CachingOperationNameGenerator.java:40 |springfox.documentation.spring.web.readers.operation.CachingOperationNameGenerator |Generating unique operation named: queryUsingPOST_2
2021-02-17 13:23:31 |INFO  |main |CachingOperationNameGenerator.java:40 |springfox.documentation.spring.web.readers.operation.CachingOperationNameGenerator |Generating unique operation named: queryUsingPUT_2
2021-02-17 13:23:31 |INFO  |main |CachingOperationNameGenerator.java:40 |springfox.documentation.spring.web.readers.operation.CachingOperationNameGenerator |Generating unique operation named: queryUsingPATCH_2
2021-02-17 13:23:32 |INFO  |main |CachingOperationNameGenerator.java:40 |springfox.documentation.spring.web.readers.operation.CachingOperationNameGenerator |Generating unique operation named: queryUsingDELETE_2
2021-02-17 13:23:32 |INFO  |main |CachingOperationNameGenerator.java:40 |springfox.documentation.spring.web.readers.operation.CachingOperationNameGenerator |Generating unique operation named: queryUsingOPTIONS_2
2021-02-17 13:23:32 |INFO  |main |CachingOperationNameGenerator.java:40 |springfox.documentation.spring.web.readers.operation.CachingOperationNameGenerator |Generating unique operation named: queryUsingTRACE_2
2021-02-17 13:23:32 |INFO  |main |CachingOperationNameGenerator.java:40 |springfox.documentation.spring.web.readers.operation.CachingOperationNameGenerator |Generating unique operation named: saveUsingPOST_1
2021-02-17 13:23:32 |INFO  |main |CachingOperationNameGenerator.java:40 |springfox.documentation.spring.web.readers.operation.CachingOperationNameGenerator |Generating unique operation named: deleteUsingPOST_3
2021-02-17 13:23:32 |INFO  |main |CachingOperationNameGenerator.java:40 |springfox.documentation.spring.web.readers.operation.CachingOperationNameGenerator |Generating unique operation named: detailUsingGET_1
2021-02-17 13:23:33 |INFO  |main |CachingOperationNameGenerator.java:40 |springfox.documentation.spring.web.readers.operation.CachingOperationNameGenerator |Generating unique operation named: detailUsingHEAD_1
2021-02-17 13:23:33 |INFO  |main |CachingOperationNameGenerator.java:40 |springfox.documentation.spring.web.readers.operation.CachingOperationNameGenerator |Generating unique operation named: detailUsingPOST_1
2021-02-17 13:23:33 |INFO  |main |CachingOperationNameGenerator.java:40 |springfox.documentation.spring.web.readers.operation.CachingOperationNameGenerator |Generating unique operation named: detailUsingPUT_1
2021-02-17 13:23:33 |INFO  |main |CachingOperationNameGenerator.java:40 |springfox.documentation.spring.web.readers.operation.CachingOperationNameGenerator |Generating unique operation named: detailUsingPATCH_1
2021-02-17 13:23:33 |INFO  |main |CachingOperationNameGenerator.java:40 |springfox.documentation.spring.web.readers.operation.CachingOperationNameGenerator |Generating unique operation named: detailUsingDELETE_1
2021-02-17 13:23:33 |INFO  |main |CachingOperationNameGenerator.java:40 |springfox.documentation.spring.web.readers.operation.CachingOperationNameGenerator |Generating unique operation named: detailUsingOPTIONS_1
2021-02-17 13:23:33 |INFO  |main |CachingOperationNameGenerator.java:40 |springfox.documentation.spring.web.readers.operation.CachingOperationNameGenerator |Generating unique operation named: detailUsingTRACE_1
2021-02-17 13:23:33 |INFO  |main |CachingOperationNameGenerator.java:40 |springfox.documentation.spring.web.readers.operation.CachingOperationNameGenerator |Generating unique operation named: modifyUsingPOST_2
2021-02-17 13:23:33 |INFO  |main |CachingOperationNameGenerator.java:40 |springfox.documentation.spring.web.readers.operation.CachingOperationNameGenerator |Generating unique operation named: queryUsingGET_3
2021-02-17 13:23:33 |INFO  |main |CachingOperationNameGenerator.java:40 |springfox.documentation.spring.web.readers.operation.CachingOperationNameGenerator |Generating unique operation named: queryUsingHEAD_3
2021-02-17 13:23:33 |INFO  |main |CachingOperationNameGenerator.java:40 |springfox.documentation.spring.web.readers.operation.CachingOperationNameGenerator |Generating unique operation named: queryUsingPOST_3
2021-02-17 13:23:33 |INFO  |main |CachingOperationNameGenerator.java:40 |springfox.documentation.spring.web.readers.operation.CachingOperationNameGenerator |Generating unique operation named: queryUsingPUT_3
2021-02-17 13:23:33 |INFO  |main |CachingOperationNameGenerator.java:40 |springfox.documentation.spring.web.readers.operation.CachingOperationNameGenerator |Generating unique operation named: queryUsingPATCH_3
2021-02-17 13:23:33 |INFO  |main |CachingOperationNameGenerator.java:40 |springfox.documentation.spring.web.readers.operation.CachingOperationNameGenerator |Generating unique operation named: queryUsingDELETE_3
2021-02-17 13:23:33 |INFO  |main |CachingOperationNameGenerator.java:40 |springfox.documentation.spring.web.readers.operation.CachingOperationNameGenerator |Generating unique operation named: queryUsingOPTIONS_3
2021-02-17 13:23:33 |INFO  |main |CachingOperationNameGenerator.java:40 |springfox.documentation.spring.web.readers.operation.CachingOperationNameGenerator |Generating unique operation named: queryUsingTRACE_3
2021-02-17 13:23:33 |INFO  |main |CachingOperationNameGenerator.java:40 |springfox.documentation.spring.web.readers.operation.CachingOperationNameGenerator |Generating unique operation named: queryUsingGET_4
2021-02-17 13:23:33 |INFO  |main |CachingOperationNameGenerator.java:40 |springfox.documentation.spring.web.readers.operation.CachingOperationNameGenerator |Generating unique operation named: queryUsingHEAD_4
2021-02-17 13:23:34 |INFO  |main |CachingOperationNameGenerator.java:40 |springfox.documentation.spring.web.readers.operation.CachingOperationNameGenerator |Generating unique operation named: queryUsingPOST_4
2021-02-17 13:23:34 |INFO  |main |CachingOperationNameGenerator.java:40 |springfox.documentation.spring.web.readers.operation.CachingOperationNameGenerator |Generating unique operation named: queryUsingPUT_4
2021-02-17 13:23:34 |INFO  |main |CachingOperationNameGenerator.java:40 |springfox.documentation.spring.web.readers.operation.CachingOperationNameGenerator |Generating unique operation named: queryUsingPATCH_4
2021-02-17 13:23:34 |INFO  |main |CachingOperationNameGenerator.java:40 |springfox.documentation.spring.web.readers.operation.CachingOperationNameGenerator |Generating unique operation named: queryUsingDELETE_4
2021-02-17 13:23:34 |INFO  |main |CachingOperationNameGenerator.java:40 |springfox.documentation.spring.web.readers.operation.CachingOperationNameGenerator |Generating unique operation named: queryUsingOPTIONS_4
2021-02-17 13:23:34 |INFO  |main |CachingOperationNameGenerator.java:40 |springfox.documentation.spring.web.readers.operation.CachingOperationNameGenerator |Generating unique operation named: queryUsingTRACE_4
2021-02-17 13:23:34 |INFO  |main |CachingOperationNameGenerator.java:40 |springfox.documentation.spring.web.readers.operation.CachingOperationNameGenerator |Generating unique operation named: saveUsingPOST_2
2021-02-17 13:23:34 |INFO  |main |CachingOperationNameGenerator.java:40 |springfox.documentation.spring.web.readers.operation.CachingOperationNameGenerator |Generating unique operation named: deleteUsingPOST_4
2021-02-17 13:23:34 |INFO  |main |CachingOperationNameGenerator.java:40 |springfox.documentation.spring.web.readers.operation.CachingOperationNameGenerator |Generating unique operation named: detailUsingGET_2
2021-02-17 13:23:35 |INFO  |main |CachingOperationNameGenerator.java:40 |springfox.documentation.spring.web.readers.operation.CachingOperationNameGenerator |Generating unique operation named: detailUsingHEAD_2
2021-02-17 13:23:35 |INFO  |main |CachingOperationNameGenerator.java:40 |springfox.documentation.spring.web.readers.operation.CachingOperationNameGenerator |Generating unique operation named: detailUsingPOST_2
2021-02-17 13:23:35 |INFO  |main |CachingOperationNameGenerator.java:40 |springfox.documentation.spring.web.readers.operation.CachingOperationNameGenerator |Generating unique operation named: detailUsingPUT_2
2021-02-17 13:23:35 |INFO  |main |CachingOperationNameGenerator.java:40 |springfox.documentation.spring.web.readers.operation.CachingOperationNameGenerator |Generating unique operation named: detailUsingPATCH_2
2021-02-17 13:23:35 |INFO  |main |CachingOperationNameGenerator.java:40 |springfox.documentation.spring.web.readers.operation.CachingOperationNameGenerator |Generating unique operation named: detailUsingDELETE_2
2021-02-17 13:23:35 |INFO  |main |CachingOperationNameGenerator.java:40 |springfox.documentation.spring.web.readers.operation.CachingOperationNameGenerator |Generating unique operation named: detailUsingOPTIONS_2
2021-02-17 13:23:35 |INFO  |main |CachingOperationNameGenerator.java:40 |springfox.documentation.spring.web.readers.operation.CachingOperationNameGenerator |Generating unique operation named: detailUsingTRACE_2
2021-02-17 13:23:36 |INFO  |main |CachingOperationNameGenerator.java:40 |springfox.documentation.spring.web.readers.operation.CachingOperationNameGenerator |Generating unique operation named: modifyUsingPOST_3
2021-02-17 13:23:36 |INFO  |main |CachingOperationNameGenerator.java:40 |springfox.documentation.spring.web.readers.operation.CachingOperationNameGenerator |Generating unique operation named: queryUsingGET_5
2021-02-17 13:23:36 |INFO  |main |CachingOperationNameGenerator.java:40 |springfox.documentation.spring.web.readers.operation.CachingOperationNameGenerator |Generating unique operation named: queryUsingHEAD_5
2021-02-17 13:23:36 |INFO  |main |CachingOperationNameGenerator.java:40 |springfox.documentation.spring.web.readers.operation.CachingOperationNameGenerator |Generating unique operation named: queryUsingPOST_5
2021-02-17 13:23:36 |INFO  |main |CachingOperationNameGenerator.java:40 |springfox.documentation.spring.web.readers.operation.CachingOperationNameGenerator |Generating unique operation named: queryUsingPUT_5
2021-02-17 13:23:36 |INFO  |main |CachingOperationNameGenerator.java:40 |springfox.documentation.spring.web.readers.operation.CachingOperationNameGenerator |Generating unique operation named: queryUsingPATCH_5
2021-02-17 13:23:36 |INFO  |main |CachingOperationNameGenerator.java:40 |springfox.documentation.spring.web.readers.operation.CachingOperationNameGenerator |Generating unique operation named: queryUsingDELETE_5
2021-02-17 13:23:36 |INFO  |main |CachingOperationNameGenerator.java:40 |springfox.documentation.spring.web.readers.operation.CachingOperationNameGenerator |Generating unique operation named: queryUsingOPTIONS_5
2021-02-17 13:23:36 |INFO  |main |CachingOperationNameGenerator.java:40 |springfox.documentation.spring.web.readers.operation.CachingOperationNameGenerator |Generating unique operation named: queryUsingTRACE_5
2021-02-17 13:23:38 |INFO  |main |ApiListingReferenceScanner.java:41 |springfox.documentation.spring.web.scanners.ApiListingReferenceScanner |Scanning for api listing references
2021-02-17 13:23:38 |INFO  |main |CachingOperationNameGenerator.java:40 |springfox.documentation.spring.web.readers.operation.CachingOperationNameGenerator |Generating unique operation named: checkUsingGET_1
2021-02-17 13:23:38 |INFO  |main |CachingOperationNameGenerator.java:40 |springfox.documentation.spring.web.readers.operation.CachingOperationNameGenerator |Generating unique operation named: checkUsingGET_2
2021-02-17 13:23:38 |INFO  |main |CachingOperationNameGenerator.java:40 |springfox.documentation.spring.web.readers.operation.CachingOperationNameGenerator |Generating unique operation named: checkUsingGET_3
2021-02-17 13:23:38 |INFO  |main |CachingOperationNameGenerator.java:40 |springfox.documentation.spring.web.readers.operation.CachingOperationNameGenerator |Generating unique operation named: checkUsingGET_4
2021-02-17 13:23:38 |INFO  |main |CachingOperationNameGenerator.java:40 |springfox.documentation.spring.web.readers.operation.CachingOperationNameGenerator |Generating unique operation named: checkUsingGET_5
2021-02-17 13:23:38 |INFO  |main |CachingOperationNameGenerator.java:40 |springfox.documentation.spring.web.readers.operation.CachingOperationNameGenerator |Generating unique operation named: checkUsingGET_6
2021-02-17 13:23:38 |INFO  |main |CachingOperationNameGenerator.java:40 |springfox.documentation.spring.web.readers.operation.CachingOperationNameGenerator |Generating unique operation named: checkUsingGET_7
2021-02-17 13:23:39 |INFO  |main |CachingOperationNameGenerator.java:40 |springfox.documentation.spring.web.readers.operation.CachingOperationNameGenerator |Generating unique operation named: deleteUsingPOST_5
2021-02-17 13:23:39 |INFO  |main |CachingOperationNameGenerator.java:40 |springfox.documentation.spring.web.readers.operation.CachingOperationNameGenerator |Generating unique operation named: downloadUsingPOST_1
2021-02-17 13:23:39 |INFO  |main |CachingOperationNameGenerator.java:40 |springfox.documentation.spring.web.readers.operation.CachingOperationNameGenerator |Generating unique operation named: downloadUsingPOST_2
2021-02-17 13:23:39 |INFO  |main |CachingOperationNameGenerator.java:40 |springfox.documentation.spring.web.readers.operation.CachingOperationNameGenerator |Generating unique operation named: downloadUsingPOST_3
2021-02-17 13:23:39 |INFO  |main |CachingOperationNameGenerator.java:40 |springfox.documentation.spring.web.readers.operation.CachingOperationNameGenerator |Generating unique operation named: downloadUsingPOST_4
2021-02-17 13:23:39 |INFO  |main |CachingOperationNameGenerator.java:40 |springfox.documentation.spring.web.readers.operation.CachingOperationNameGenerator |Generating unique operation named: downloadUsingPOST_5
2021-02-17 13:23:39 |INFO  |main |CachingOperationNameGenerator.java:40 |springfox.documentation.spring.web.readers.operation.CachingOperationNameGenerator |Generating unique operation named: downloadUsingPOST_6
2021-02-17 13:23:39 |INFO  |main |CachingOperationNameGenerator.java:40 |springfox.documentation.spring.web.readers.operation.CachingOperationNameGenerator |Generating unique operation named: downloadUsingPOST_7
2021-02-17 13:23:39 |INFO  |main |CachingOperationNameGenerator.java:40 |springfox.documentation.spring.web.readers.operation.CachingOperationNameGenerator |Generating unique operation named: download2UsingPOST_1
2021-02-17 13:23:39 |INFO  |main |CachingOperationNameGenerator.java:40 |springfox.documentation.spring.web.readers.operation.CachingOperationNameGenerator |Generating unique operation named: download2UsingPOST_2
2021-02-17 13:23:39 |INFO  |main |CachingOperationNameGenerator.java:40 |springfox.documentation.spring.web.readers.operation.CachingOperationNameGenerator |Generating unique operation named: download2UsingPOST_3
2021-02-17 13:23:39 |INFO  |main |CachingOperationNameGenerator.java:40 |springfox.documentation.spring.web.readers.operation.CachingOperationNameGenerator |Generating unique operation named: download2UsingPOST_4
2021-02-17 13:23:39 |INFO  |main |CachingOperationNameGenerator.java:40 |springfox.documentation.spring.web.readers.operation.CachingOperationNameGenerator |Generating unique operation named: download2UsingPOST_5
2021-02-17 13:23:39 |INFO  |main |CachingOperationNameGenerator.java:40 |springfox.documentation.spring.web.readers.operation.CachingOperationNameGenerator |Generating unique operation named: download2UsingPOST_6
2021-02-17 13:23:39 |INFO  |main |CachingOperationNameGenerator.java:40 |springfox.documentation.spring.web.readers.operation.CachingOperationNameGenerator |Generating unique operation named: download2UsingPOST_7
2021-02-17 13:23:39 |INFO  |main |CachingOperationNameGenerator.java:40 |springfox.documentation.spring.web.readers.operation.CachingOperationNameGenerator |Generating unique operation named: initDataUsingGET_1
2021-02-17 13:23:39 |INFO  |main |CachingOperationNameGenerator.java:40 |springfox.documentation.spring.web.readers.operation.CachingOperationNameGenerator |Generating unique operation named: initDataUsingGET_2
2021-02-17 13:23:39 |INFO  |main |CachingOperationNameGenerator.java:40 |springfox.documentation.spring.web.readers.operation.CachingOperationNameGenerator |Generating unique operation named: initDataUsingGET_3
2021-02-17 13:23:39 |INFO  |main |CachingOperationNameGenerator.java:40 |springfox.documentation.spring.web.readers.operation.CachingOperationNameGenerator |Generating unique operation named: initDataUsingGET_4
2021-02-17 13:23:39 |INFO  |main |CachingOperationNameGenerator.java:40 |springfox.documentation.spring.web.readers.operation.CachingOperationNameGenerator |Generating unique operation named: initDataUsingGET_5
2021-02-17 13:23:39 |INFO  |main |CachingOperationNameGenerator.java:40 |springfox.documentation.spring.web.readers.operation.CachingOperationNameGenerator |Generating unique operation named: initDataUsingGET_6
2021-02-17 13:23:39 |INFO  |main |CachingOperationNameGenerator.java:40 |springfox.documentation.spring.web.readers.operation.CachingOperationNameGenerator |Generating unique operation named: initDataUsingGET_7
2021-02-17 13:23:40 |INFO  |main |CachingOperationNameGenerator.java:40 |springfox.documentation.spring.web.readers.operation.CachingOperationNameGenerator |Generating unique operation named: deleteUsingPOST_6
2021-02-17 13:23:40 |INFO  |main |CachingOperationNameGenerator.java:40 |springfox.documentation.spring.web.readers.operation.CachingOperationNameGenerator |Generating unique operation named: queryUsingGET_6
2021-02-17 13:23:40 |INFO  |main |CachingOperationNameGenerator.java:40 |springfox.documentation.spring.web.readers.operation.CachingOperationNameGenerator |Generating unique operation named: queryUsingHEAD_6
2021-02-17 13:23:41 |INFO  |main |CachingOperationNameGenerator.java:40 |springfox.documentation.spring.web.readers.operation.CachingOperationNameGenerator |Generating unique operation named: queryUsingPOST_6
2021-02-17 13:23:41 |INFO  |main |CachingOperationNameGenerator.java:40 |springfox.documentation.spring.web.readers.operation.CachingOperationNameGenerator |Generating unique operation named: queryUsingPUT_6
2021-02-17 13:23:41 |INFO  |main |CachingOperationNameGenerator.java:40 |springfox.documentation.spring.web.readers.operation.CachingOperationNameGenerator |Generating unique operation named: queryUsingPATCH_6
2021-02-17 13:23:41 |INFO  |main |CachingOperationNameGenerator.java:40 |springfox.documentation.spring.web.readers.operation.CachingOperationNameGenerator |Generating unique operation named: queryUsingDELETE_6
2021-02-17 13:23:41 |INFO  |main |CachingOperationNameGenerator.java:40 |springfox.documentation.spring.web.readers.operation.CachingOperationNameGenerator |Generating unique operation named: queryUsingOPTIONS_6
2021-02-17 13:23:41 |INFO  |main |CachingOperationNameGenerator.java:40 |springfox.documentation.spring.web.readers.operation.CachingOperationNameGenerator |Generating unique operation named: queryUsingTRACE_6
2021-02-17 13:23:41 |INFO  |main |CachingOperationNameGenerator.java:40 |springfox.documentation.spring.web.readers.operation.CachingOperationNameGenerator |Generating unique operation named: saveUsingPOST_3
2021-02-17 13:23:41 |INFO  |main |CachingOperationNameGenerator.java:40 |springfox.documentation.spring.web.readers.operation.CachingOperationNameGenerator |Generating unique operation named: deleteUsingPOST_7
2021-02-17 13:23:41 |INFO  |main |CachingOperationNameGenerator.java:40 |springfox.documentation.spring.web.readers.operation.CachingOperationNameGenerator |Generating unique operation named: detailUsingGET_3
2021-02-17 13:23:41 |INFO  |main |CachingOperationNameGenerator.java:40 |springfox.documentation.spring.web.readers.operation.CachingOperationNameGenerator |Generating unique operation named: detailUsingHEAD_3
2021-02-17 13:23:41 |INFO  |main |CachingOperationNameGenerator.java:40 |springfox.documentation.spring.web.readers.operation.CachingOperationNameGenerator |Generating unique operation named: detailUsingPOST_3
2021-02-17 13:23:41 |INFO  |main |CachingOperationNameGenerator.java:40 |springfox.documentation.spring.web.readers.operation.CachingOperationNameGenerator |Generating unique operation named: detailUsingPUT_3
2021-02-17 13:23:41 |INFO  |main |CachingOperationNameGenerator.java:40 |springfox.documentation.spring.web.readers.operation.CachingOperationNameGenerator |Generating unique operation named: detailUsingPATCH_3
2021-02-17 13:23:41 |INFO  |main |CachingOperationNameGenerator.java:40 |springfox.documentation.spring.web.readers.operation.CachingOperationNameGenerator |Generating unique operation named: detailUsingDELETE_3
2021-02-17 13:23:41 |INFO  |main |CachingOperationNameGenerator.java:40 |springfox.documentation.spring.web.readers.operation.CachingOperationNameGenerator |Generating unique operation named: detailUsingOPTIONS_3
2021-02-17 13:23:41 |INFO  |main |CachingOperationNameGenerator.java:40 |springfox.documentation.spring.web.readers.operation.CachingOperationNameGenerator |Generating unique operation named: detailUsingTRACE_3
2021-02-17 13:23:41 |INFO  |main |CachingOperationNameGenerator.java:40 |springfox.documentation.spring.web.readers.operation.CachingOperationNameGenerator |Generating unique operation named: modifyUsingPOST_4
2021-02-17 13:23:41 |INFO  |main |CachingOperationNameGenerator.java:40 |springfox.documentation.spring.web.readers.operation.CachingOperationNameGenerator |Generating unique operation named: queryUsingGET_7
2021-02-17 13:23:41 |INFO  |main |CachingOperationNameGenerator.java:40 |springfox.documentation.spring.web.readers.operation.CachingOperationNameGenerator |Generating unique operation named: queryUsingHEAD_7
2021-02-17 13:23:41 |INFO  |main |CachingOperationNameGenerator.java:40 |springfox.documentation.spring.web.readers.operation.CachingOperationNameGenerator |Generating unique operation named: queryUsingPOST_7
2021-02-17 13:23:41 |INFO  |main |CachingOperationNameGenerator.java:40 |springfox.documentation.spring.web.readers.operation.CachingOperationNameGenerator |Generating unique operation named: queryUsingPUT_7
2021-02-17 13:23:41 |INFO  |main |CachingOperationNameGenerator.java:40 |springfox.documentation.spring.web.readers.operation.CachingOperationNameGenerator |Generating unique operation named: queryUsingPATCH_7
2021-02-17 13:23:41 |INFO  |main |CachingOperationNameGenerator.java:40 |springfox.documentation.spring.web.readers.operation.CachingOperationNameGenerator |Generating unique operation named: queryUsingDELETE_7
2021-02-17 13:23:41 |INFO  |main |CachingOperationNameGenerator.java:40 |springfox.documentation.spring.web.readers.operation.CachingOperationNameGenerator |Generating unique operation named: queryUsingOPTIONS_7
2021-02-17 13:23:41 |INFO  |main |CachingOperationNameGenerator.java:40 |springfox.documentation.spring.web.readers.operation.CachingOperationNameGenerator |Generating unique operation named: queryUsingTRACE_7
2021-02-17 13:23:41 |INFO  |main |CachingOperationNameGenerator.java:40 |springfox.documentation.spring.web.readers.operation.CachingOperationNameGenerator |Generating unique operation named: handleUsingGET_1
2021-02-17 13:23:41 |INFO  |main |CachingOperationNameGenerator.java:40 |springfox.documentation.spring.web.readers.operation.CachingOperationNameGenerator |Generating unique operation named: handleUsingGET_2
2021-02-17 13:23:41 |INFO  |main |CachingOperationNameGenerator.java:40 |springfox.documentation.spring.web.readers.operation.CachingOperationNameGenerator |Generating unique operation named: loadTopMenusUsingPOST_1
2021-02-17 13:23:41 |INFO  |main |CachingOperationNameGenerator.java:40 |springfox.documentation.spring.web.readers.operation.CachingOperationNameGenerator |Generating unique operation named: exportUsingPOST_1
2021-02-17 13:23:41 |INFO  |main |CachingOperationNameGenerator.java:40 |springfox.documentation.spring.web.readers.operation.CachingOperationNameGenerator |Generating unique operation named: exportUsingPOST_2
2021-02-17 13:23:41 |INFO  |main |CachingOperationNameGenerator.java:40 |springfox.documentation.spring.web.readers.operation.CachingOperationNameGenerator |Generating unique operation named: exportUsingPOST_3
2021-02-17 13:23:41 |INFO  |main |CachingOperationNameGenerator.java:40 |springfox.documentation.spring.web.readers.operation.CachingOperationNameGenerator |Generating unique operation named: exportUsingPOST_4
2021-02-17 13:23:41 |INFO  |main |CachingOperationNameGenerator.java:40 |springfox.documentation.spring.web.readers.operation.CachingOperationNameGenerator |Generating unique operation named: exportUsingPOST_5
2021-02-17 13:23:41 |INFO  |main |CachingOperationNameGenerator.java:40 |springfox.documentation.spring.web.readers.operation.CachingOperationNameGenerator |Generating unique operation named: exportUsingPOST_6
2021-02-17 13:23:41 |INFO  |main |CachingOperationNameGenerator.java:40 |springfox.documentation.spring.web.readers.operation.CachingOperationNameGenerator |Generating unique operation named: exportUsingPOST_7
2021-02-17 13:23:42 |INFO  |main |CachingOperationNameGenerator.java:40 |springfox.documentation.spring.web.readers.operation.CachingOperationNameGenerator |Generating unique operation named: detailUsingGET_4
2021-02-17 13:23:42 |INFO  |main |CachingOperationNameGenerator.java:40 |springfox.documentation.spring.web.readers.operation.CachingOperationNameGenerator |Generating unique operation named: detailUsingGET_5
2021-02-17 13:23:42 |INFO  |main |CachingOperationNameGenerator.java:40 |springfox.documentation.spring.web.readers.operation.CachingOperationNameGenerator |Generating unique operation named: detailUsingGET_6
2021-02-17 13:23:42 |INFO  |main |CachingOperationNameGenerator.java:40 |springfox.documentation.spring.web.readers.operation.CachingOperationNameGenerator |Generating unique operation named: detailUsingGET_7
2021-02-17 13:23:42 |INFO  |main |CachingOperationNameGenerator.java:40 |springfox.documentation.spring.web.readers.operation.CachingOperationNameGenerator |Generating unique operation named: detailUsingGET_8
2021-02-17 13:23:42 |INFO  |main |CachingOperationNameGenerator.java:40 |springfox.documentation.spring.web.readers.operation.CachingOperationNameGenerator |Generating unique operation named: detailUsingGET_9
2021-02-17 13:23:42 |INFO  |main |CachingOperationNameGenerator.java:40 |springfox.documentation.spring.web.readers.operation.CachingOperationNameGenerator |Generating unique operation named: detailUsingGET_10
2021-02-17 13:23:42 |INFO  |main |CachingOperationNameGenerator.java:40 |springfox.documentation.spring.web.readers.operation.CachingOperationNameGenerator |Generating unique operation named: detailUsingGET_11
2021-02-17 13:23:42 |INFO  |main |CachingOperationNameGenerator.java:40 |springfox.documentation.spring.web.readers.operation.CachingOperationNameGenerator |Generating unique operation named: getNotebookCategoryTreeUsingGET_1
2021-02-17 13:23:42 |INFO  |main |CachingOperationNameGenerator.java:40 |springfox.documentation.spring.web.readers.operation.CachingOperationNameGenerator |Generating unique operation named: getNotebookCategoryTreeUsingGET_2
2021-02-17 13:23:43 |INFO  |main |CachingOperationNameGenerator.java:40 |springfox.documentation.spring.web.readers.operation.CachingOperationNameGenerator |Generating unique operation named: getNotebookCategoryTreeUsingGET_3
2021-02-17 13:23:43 |INFO  |main |CachingOperationNameGenerator.java:40 |springfox.documentation.spring.web.readers.operation.CachingOperationNameGenerator |Generating unique operation named: getNotebookCategoryTreeUsingGET_4
2021-02-17 13:23:43 |INFO  |main |CachingOperationNameGenerator.java:40 |springfox.documentation.spring.web.readers.operation.CachingOperationNameGenerator |Generating unique operation named: getNotebookCategoryTreeUsingGET_5
2021-02-17 13:23:43 |INFO  |main |CachingOperationNameGenerator.java:40 |springfox.documentation.spring.web.readers.operation.CachingOperationNameGenerator |Generating unique operation named: getNotebookCategoryTreeUsingGET_6
2021-02-17 13:23:43 |INFO  |main |CachingOperationNameGenerator.java:40 |springfox.documentation.spring.web.readers.operation.CachingOperationNameGenerator |Generating unique operation named: getNotebookCategoryTreeUsingGET_7
2021-02-17 13:23:43 |INFO  |main |CachingOperationNameGenerator.java:40 |springfox.documentation.spring.web.readers.operation.CachingOperationNameGenerator |Generating unique operation named: detailUsingGET_12
2021-02-17 13:23:43 |INFO  |main |CachingOperationNameGenerator.java:40 |springfox.documentation.spring.web.readers.operation.CachingOperationNameGenerator |Generating unique operation named: deleteUsingPOST_8
2021-02-17 13:23:44 |INFO  |main |CachingOperationNameGenerator.java:40 |springfox.documentation.spring.web.readers.operation.CachingOperationNameGenerator |Generating unique operation named: queryUsingGET_8
2021-02-17 13:23:44 |INFO  |main |CachingOperationNameGenerator.java:40 |springfox.documentation.spring.web.readers.operation.CachingOperationNameGenerator |Generating unique operation named: saveUsingPOST_4
2021-02-17 13:23:44 |INFO  |main |CachingOperationNameGenerator.java:40 |springfox.documentation.spring.web.readers.operation.CachingOperationNameGenerator |Generating unique operation named: deleteUsingPOST_9
2021-02-17 13:23:44 |INFO  |main |CachingOperationNameGenerator.java:40 |springfox.documentation.spring.web.readers.operation.CachingOperationNameGenerator |Generating unique operation named: detailUsingGET_13
2021-02-17 13:23:44 |INFO  |main |CachingOperationNameGenerator.java:40 |springfox.documentation.spring.web.readers.operation.CachingOperationNameGenerator |Generating unique operation named: detailUsingGET_14
2021-02-17 13:23:44 |INFO  |main |CachingOperationNameGenerator.java:40 |springfox.documentation.spring.web.readers.operation.CachingOperationNameGenerator |Generating unique operation named: detailUsingGET_15
2021-02-17 13:23:44 |INFO  |main |CachingOperationNameGenerator.java:40 |springfox.documentation.spring.web.readers.operation.CachingOperationNameGenerator |Generating unique operation named: detailUsingGET_16
2021-02-17 13:23:44 |INFO  |main |CachingOperationNameGenerator.java:40 |springfox.documentation.spring.web.readers.operation.CachingOperationNameGenerator |Generating unique operation named: detailUsingGET_17
2021-02-17 13:23:44 |INFO  |main |CachingOperationNameGenerator.java:40 |springfox.documentation.spring.web.readers.operation.CachingOperationNameGenerator |Generating unique operation named: detailUsingGET_18
2021-02-17 13:23:44 |INFO  |main |CachingOperationNameGenerator.java:40 |springfox.documentation.spring.web.readers.operation.CachingOperationNameGenerator |Generating unique operation named: detailUsingGET_19
2021-02-17 13:23:44 |INFO  |main |CachingOperationNameGenerator.java:40 |springfox.documentation.spring.web.readers.operation.CachingOperationNameGenerator |Generating unique operation named: detailUsingGET_20
2021-02-17 13:23:44 |INFO  |main |CachingOperationNameGenerator.java:40 |springfox.documentation.spring.web.readers.operation.CachingOperationNameGenerator |Generating unique operation named: modifyUsingPOST_5
2021-02-17 13:23:45 |INFO  |main |CachingOperationNameGenerator.java:40 |springfox.documentation.spring.web.readers.operation.CachingOperationNameGenerator |Generating unique operation named: queryUsingPOST_8
2021-02-17 13:23:45 |INFO  |main |CachingOperationNameGenerator.java:40 |springfox.documentation.spring.web.readers.operation.CachingOperationNameGenerator |Generating unique operation named: deleteUsingPOST_10
2021-02-17 13:23:46 |INFO  |main |CachingOperationNameGenerator.java:40 |springfox.documentation.spring.web.readers.operation.CachingOperationNameGenerator |Generating unique operation named: detailUsingGET_21
2021-02-17 13:23:46 |INFO  |main |CachingOperationNameGenerator.java:40 |springfox.documentation.spring.web.readers.operation.CachingOperationNameGenerator |Generating unique operation named: detailUsingGET_22
2021-02-17 13:23:46 |INFO  |main |CachingOperationNameGenerator.java:40 |springfox.documentation.spring.web.readers.operation.CachingOperationNameGenerator |Generating unique operation named: detailUsingGET_23
2021-02-17 13:23:46 |INFO  |main |CachingOperationNameGenerator.java:40 |springfox.documentation.spring.web.readers.operation.CachingOperationNameGenerator |Generating unique operation named: detailUsingGET_24
2021-02-17 13:23:46 |INFO  |main |CachingOperationNameGenerator.java:40 |springfox.documentation.spring.web.readers.operation.CachingOperationNameGenerator |Generating unique operation named: detailUsingGET_25
2021-02-17 13:23:46 |INFO  |main |CachingOperationNameGenerator.java:40 |springfox.documentation.spring.web.readers.operation.CachingOperationNameGenerator |Generating unique operation named: detailUsingGET_26
2021-02-17 13:23:46 |INFO  |main |CachingOperationNameGenerator.java:40 |springfox.documentation.spring.web.readers.operation.CachingOperationNameGenerator |Generating unique operation named: detailUsingGET_27
2021-02-17 13:23:46 |INFO  |main |CachingOperationNameGenerator.java:40 |springfox.documentation.spring.web.readers.operation.CachingOperationNameGenerator |Generating unique operation named: detailUsingGET_28
2021-02-17 13:23:46 |INFO  |main |CachingOperationNameGenerator.java:40 |springfox.documentation.spring.web.readers.operation.CachingOperationNameGenerator |Generating unique operation named: getTargetMenusUsingGET_1
2021-02-17 13:23:46 |INFO  |main |CachingOperationNameGenerator.java:40 |springfox.documentation.spring.web.readers.operation.CachingOperationNameGenerator |Generating unique operation named: getTargetMenusUsingGET_2
2021-02-17 13:23:46 |INFO  |main |CachingOperationNameGenerator.java:40 |springfox.documentation.spring.web.readers.operation.CachingOperationNameGenerator |Generating unique operation named: getTargetMenusUsingGET_3
2021-02-17 13:23:46 |INFO  |main |CachingOperationNameGenerator.java:40 |springfox.documentation.spring.web.readers.operation.CachingOperationNameGenerator |Generating unique operation named: getTargetMenusUsingGET_4
2021-02-17 13:23:46 |INFO  |main |CachingOperationNameGenerator.java:40 |springfox.documentation.spring.web.readers.operation.CachingOperationNameGenerator |Generating unique operation named: getTargetMenusUsingGET_5
2021-02-17 13:23:46 |INFO  |main |CachingOperationNameGenerator.java:40 |springfox.documentation.spring.web.readers.operation.CachingOperationNameGenerator |Generating unique operation named: getTargetMenusUsingGET_6
2021-02-17 13:23:46 |INFO  |main |CachingOperationNameGenerator.java:40 |springfox.documentation.spring.web.readers.operation.CachingOperationNameGenerator |Generating unique operation named: getTargetMenusUsingGET_7
2021-02-17 13:23:46 |INFO  |main |CachingOperationNameGenerator.java:40 |springfox.documentation.spring.web.readers.operation.CachingOperationNameGenerator |Generating unique operation named: modifyUsingPOST_6
2021-02-17 13:23:46 |INFO  |main |CachingOperationNameGenerator.java:40 |springfox.documentation.spring.web.readers.operation.CachingOperationNameGenerator |Generating unique operation named: queryUsingPOST_9
2021-02-17 13:23:46 |INFO  |main |CachingOperationNameGenerator.java:40 |springfox.documentation.spring.web.readers.operation.CachingOperationNameGenerator |Generating unique operation named: deleteUsingDELETE_1
2021-02-17 13:23:46 |INFO  |main |CachingOperationNameGenerator.java:40 |springfox.documentation.spring.web.readers.operation.CachingOperationNameGenerator |Generating unique operation named: deleteByTargetIdsUsingDELETE_1
2021-02-17 13:23:46 |INFO  |main |CachingOperationNameGenerator.java:40 |springfox.documentation.spring.web.readers.operation.CachingOperationNameGenerator |Generating unique operation named: deletesUsingDELETE_1
2021-02-17 13:23:46 |INFO  |main |CachingOperationNameGenerator.java:40 |springfox.documentation.spring.web.readers.operation.CachingOperationNameGenerator |Generating unique operation named: getListByTargetIdUsingGET_1
2021-02-17 13:23:47 |INFO  |main |CachingOperationNameGenerator.java:40 |springfox.documentation.spring.web.readers.operation.CachingOperationNameGenerator |Generating unique operation named: modifyUsingPOST_7
2021-02-17 13:23:47 |INFO  |main |CachingOperationNameGenerator.java:40 |springfox.documentation.spring.web.readers.operation.CachingOperationNameGenerator |Generating unique operation named: updateTargetIdUsingPOST_1
2021-02-17 13:23:47 |INFO  |main |CachingOperationNameGenerator.java:40 |springfox.documentation.spring.web.readers.operation.CachingOperationNameGenerator |Generating unique operation named: viewUsingGET_1
2021-02-17 13:23:47 |INFO  |main |CachingOperationNameGenerator.java:40 |springfox.documentation.spring.web.readers.operation.CachingOperationNameGenerator |Generating unique operation named: deleteUsingPOST_11
2021-02-17 13:23:47 |INFO  |main |CachingOperationNameGenerator.java:40 |springfox.documentation.spring.web.readers.operation.CachingOperationNameGenerator |Generating unique operation named: queryUsingGET_9
2021-02-17 13:23:47 |INFO  |main |CachingOperationNameGenerator.java:40 |springfox.documentation.spring.web.readers.operation.CachingOperationNameGenerator |Generating unique operation named: queryUsingHEAD_8
2021-02-17 13:23:47 |INFO  |main |CachingOperationNameGenerator.java:40 |springfox.documentation.spring.web.readers.operation.CachingOperationNameGenerator |Generating unique operation named: queryUsingPOST_10
2021-02-17 13:23:47 |INFO  |main |CachingOperationNameGenerator.java:40 |springfox.documentation.spring.web.readers.operation.CachingOperationNameGenerator |Generating unique operation named: queryUsingPUT_8
2021-02-17 13:23:47 |INFO  |main |CachingOperationNameGenerator.java:40 |springfox.documentation.spring.web.readers.operation.CachingOperationNameGenerator |Generating unique operation named: queryUsingPATCH_8
2021-02-17 13:23:47 |INFO  |main |CachingOperationNameGenerator.java:40 |springfox.documentation.spring.web.readers.operation.CachingOperationNameGenerator |Generating unique operation named: queryUsingDELETE_8
2021-02-17 13:23:47 |INFO  |main |CachingOperationNameGenerator.java:40 |springfox.documentation.spring.web.readers.operation.CachingOperationNameGenerator |Generating unique operation named: queryUsingOPTIONS_8
2021-02-17 13:23:47 |INFO  |main |CachingOperationNameGenerator.java:40 |springfox.documentation.spring.web.readers.operation.CachingOperationNameGenerator |Generating unique operation named: queryUsingTRACE_8
2021-02-17 13:23:47 |INFO  |main |CachingOperationNameGenerator.java:40 |springfox.documentation.spring.web.readers.operation.CachingOperationNameGenerator |Generating unique operation named: saveUsingPOST_5
2021-02-17 13:23:47 |INFO  |main |CachingOperationNameGenerator.java:40 |springfox.documentation.spring.web.readers.operation.CachingOperationNameGenerator |Generating unique operation named: deleteUsingPOST_12
2021-02-17 13:23:47 |INFO  |main |CachingOperationNameGenerator.java:40 |springfox.documentation.spring.web.readers.operation.CachingOperationNameGenerator |Generating unique operation named: getSysItemByCategoryNameUsingPOST_1
2021-02-17 13:23:47 |INFO  |main |CachingOperationNameGenerator.java:40 |springfox.documentation.spring.web.readers.operation.CachingOperationNameGenerator |Generating unique operation named: modifyUsingPOST_8
2021-02-17 13:23:47 |INFO  |main |CachingOperationNameGenerator.java:40 |springfox.documentation.spring.web.readers.operation.CachingOperationNameGenerator |Generating unique operation named: queryUsingGET_10
2021-02-17 13:23:47 |INFO  |main |CachingOperationNameGenerator.java:40 |springfox.documentation.spring.web.readers.operation.CachingOperationNameGenerator |Generating unique operation named: queryUsingHEAD_9
2021-02-17 13:23:47 |INFO  |main |CachingOperationNameGenerator.java:40 |springfox.documentation.spring.web.readers.operation.CachingOperationNameGenerator |Generating unique operation named: queryUsingPOST_11
2021-02-17 13:23:48 |INFO  |main |CachingOperationNameGenerator.java:40 |springfox.documentation.spring.web.readers.operation.CachingOperationNameGenerator |Generating unique operation named: queryUsingPUT_9
2021-02-17 13:23:48 |INFO  |main |CachingOperationNameGenerator.java:40 |springfox.documentation.spring.web.readers.operation.CachingOperationNameGenerator |Generating unique operation named: queryUsingPATCH_9
2021-02-17 13:23:48 |INFO  |main |CachingOperationNameGenerator.java:40 |springfox.documentation.spring.web.readers.operation.CachingOperationNameGenerator |Generating unique operation named: queryUsingDELETE_9
2021-02-17 13:23:48 |INFO  |main |CachingOperationNameGenerator.java:40 |springfox.documentation.spring.web.readers.operation.CachingOperationNameGenerator |Generating unique operation named: queryUsingOPTIONS_9
2021-02-17 13:23:48 |INFO  |main |CachingOperationNameGenerator.java:40 |springfox.documentation.spring.web.readers.operation.CachingOperationNameGenerator |Generating unique operation named: queryUsingTRACE_9
2021-02-17 13:23:48 |INFO  |main |CachingOperationNameGenerator.java:40 |springfox.documentation.spring.web.readers.operation.CachingOperationNameGenerator |Generating unique operation named: deleteUsingPOST_13
2021-02-17 13:23:48 |INFO  |main |CachingOperationNameGenerator.java:40 |springfox.documentation.spring.web.readers.operation.CachingOperationNameGenerator |Generating unique operation named: detailUsingGET_29
2021-02-17 13:23:48 |INFO  |main |CachingOperationNameGenerator.java:40 |springfox.documentation.spring.web.readers.operation.CachingOperationNameGenerator |Generating unique operation named: detailUsingHEAD_4
2021-02-17 13:23:48 |INFO  |main |CachingOperationNameGenerator.java:40 |springfox.documentation.spring.web.readers.operation.CachingOperationNameGenerator |Generating unique operation named: detailUsingPOST_4
2021-02-17 13:23:48 |INFO  |main |CachingOperationNameGenerator.java:40 |springfox.documentation.spring.web.readers.operation.CachingOperationNameGenerator |Generating unique operation named: detailUsingPUT_4
2021-02-17 13:23:48 |INFO  |main |CachingOperationNameGenerator.java:40 |springfox.documentation.spring.web.readers.operation.CachingOperationNameGenerator |Generating unique operation named: detailUsingPATCH_4
2021-02-17 13:23:48 |INFO  |main |CachingOperationNameGenerator.java:40 |springfox.documentation.spring.web.readers.operation.CachingOperationNameGenerator |Generating unique operation named: detailUsingDELETE_4
2021-02-17 13:23:48 |INFO  |main |CachingOperationNameGenerator.java:40 |springfox.documentation.spring.web.readers.operation.CachingOperationNameGenerator |Generating unique operation named: detailUsingOPTIONS_4
2021-02-17 13:23:48 |INFO  |main |CachingOperationNameGenerator.java:40 |springfox.documentation.spring.web.readers.operation.CachingOperationNameGenerator |Generating unique operation named: detailUsingTRACE_4
2021-02-17 13:23:48 |INFO  |main |CachingOperationNameGenerator.java:40 |springfox.documentation.spring.web.readers.operation.CachingOperationNameGenerator |Generating unique operation named: getMaxSortKeyUsingGET_1
2021-02-17 13:23:48 |INFO  |main |CachingOperationNameGenerator.java:40 |springfox.documentation.spring.web.readers.operation.CachingOperationNameGenerator |Generating unique operation named: getUserMenuUsingPOST_1
2021-02-17 13:23:49 |INFO  |main |CachingOperationNameGenerator.java:40 |springfox.documentation.spring.web.readers.operation.CachingOperationNameGenerator |Generating unique operation named: queryUsingGET_11
2021-02-17 13:23:49 |INFO  |main |CachingOperationNameGenerator.java:40 |springfox.documentation.spring.web.readers.operation.CachingOperationNameGenerator |Generating unique operation named: queryUsingHEAD_10
2021-02-17 13:23:49 |INFO  |main |CachingOperationNameGenerator.java:40 |springfox.documentation.spring.web.readers.operation.CachingOperationNameGenerator |Generating unique operation named: queryUsingPOST_12
2021-02-17 13:23:49 |INFO  |main |CachingOperationNameGenerator.java:40 |springfox.documentation.spring.web.readers.operation.CachingOperationNameGenerator |Generating unique operation named: queryUsingPUT_10
2021-02-17 13:23:49 |INFO  |main |CachingOperationNameGenerator.java:40 |springfox.documentation.spring.web.readers.operation.CachingOperationNameGenerator |Generating unique operation named: queryUsingPATCH_10
2021-02-17 13:23:49 |INFO  |main |CachingOperationNameGenerator.java:40 |springfox.documentation.spring.web.readers.operation.CachingOperationNameGenerator |Generating unique operation named: queryUsingDELETE_10
2021-02-17 13:23:49 |INFO  |main |CachingOperationNameGenerator.java:40 |springfox.documentation.spring.web.readers.operation.CachingOperationNameGenerator |Generating unique operation named: queryUsingOPTIONS_10
2021-02-17 13:23:49 |INFO  |main |CachingOperationNameGenerator.java:40 |springfox.documentation.spring.web.readers.operation.CachingOperationNameGenerator |Generating unique operation named: queryUsingTRACE_10
2021-02-17 13:23:49 |INFO  |main |CachingOperationNameGenerator.java:40 |springfox.documentation.spring.web.readers.operation.CachingOperationNameGenerator |Generating unique operation named: saveUsingPOST_6
2021-02-17 13:23:49 |INFO  |main |CachingOperationNameGenerator.java:40 |springfox.documentation.spring.web.readers.operation.CachingOperationNameGenerator |Generating unique operation named: deleteUsingPOST_14
2021-02-17 13:23:49 |INFO  |main |CachingOperationNameGenerator.java:40 |springfox.documentation.spring.web.readers.operation.CachingOperationNameGenerator |Generating unique operation named: detailUsingGET_30
2021-02-17 13:23:49 |INFO  |main |CachingOperationNameGenerator.java:40 |springfox.documentation.spring.web.readers.operation.CachingOperationNameGenerator |Generating unique operation named: detailUsingHEAD_5
2021-02-17 13:23:49 |INFO  |main |CachingOperationNameGenerator.java:40 |springfox.documentation.spring.web.readers.operation.CachingOperationNameGenerator |Generating unique operation named: detailUsingPOST_5
2021-02-17 13:23:49 |INFO  |main |CachingOperationNameGenerator.java:40 |springfox.documentation.spring.web.readers.operation.CachingOperationNameGenerator |Generating unique operation named: detailUsingPUT_5
2021-02-17 13:23:49 |INFO  |main |CachingOperationNameGenerator.java:40 |springfox.documentation.spring.web.readers.operation.CachingOperationNameGenerator |Generating unique operation named: detailUsingPATCH_5
2021-02-17 13:23:49 |INFO  |main |CachingOperationNameGenerator.java:40 |springfox.documentation.spring.web.readers.operation.CachingOperationNameGenerator |Generating unique operation named: detailUsingDELETE_5
2021-02-17 13:23:49 |INFO  |main |CachingOperationNameGenerator.java:40 |springfox.documentation.spring.web.readers.operation.CachingOperationNameGenerator |Generating unique operation named: detailUsingOPTIONS_5
2021-02-17 13:23:49 |INFO  |main |CachingOperationNameGenerator.java:40 |springfox.documentation.spring.web.readers.operation.CachingOperationNameGenerator |Generating unique operation named: detailUsingTRACE_5
2021-02-17 13:23:49 |INFO  |main |CachingOperationNameGenerator.java:40 |springfox.documentation.spring.web.readers.operation.CachingOperationNameGenerator |Generating unique operation named: modifyUsingPOST_9
2021-02-17 13:23:49 |INFO  |main |CachingOperationNameGenerator.java:40 |springfox.documentation.spring.web.readers.operation.CachingOperationNameGenerator |Generating unique operation named: queryUsingGET_12
2021-02-17 13:23:49 |INFO  |main |CachingOperationNameGenerator.java:40 |springfox.documentation.spring.web.readers.operation.CachingOperationNameGenerator |Generating unique operation named: queryUsingHEAD_11
2021-02-17 13:23:49 |INFO  |main |CachingOperationNameGenerator.java:40 |springfox.documentation.spring.web.readers.operation.CachingOperationNameGenerator |Generating unique operation named: queryUsingPOST_13
2021-02-17 13:23:49 |INFO  |main |CachingOperationNameGenerator.java:40 |springfox.documentation.spring.web.readers.operation.CachingOperationNameGenerator |Generating unique operation named: queryUsingPUT_11
2021-02-17 13:23:49 |INFO  |main |CachingOperationNameGenerator.java:40 |springfox.documentation.spring.web.readers.operation.CachingOperationNameGenerator |Generating unique operation named: queryUsingPATCH_11
2021-02-17 13:23:49 |INFO  |main |CachingOperationNameGenerator.java:40 |springfox.documentation.spring.web.readers.operation.CachingOperationNameGenerator |Generating unique operation named: queryUsingDELETE_11
2021-02-17 13:23:49 |INFO  |main |CachingOperationNameGenerator.java:40 |springfox.documentation.spring.web.readers.operation.CachingOperationNameGenerator |Generating unique operation named: queryUsingOPTIONS_11
2021-02-17 13:23:49 |INFO  |main |CachingOperationNameGenerator.java:40 |springfox.documentation.spring.web.readers.operation.CachingOperationNameGenerator |Generating unique operation named: queryUsingTRACE_11
2021-02-17 13:23:49 |INFO  |main |CachingOperationNameGenerator.java:40 |springfox.documentation.spring.web.readers.operation.CachingOperationNameGenerator |Generating unique operation named: queryUsingGET_13
2021-02-17 13:23:49 |INFO  |main |CachingOperationNameGenerator.java:40 |springfox.documentation.spring.web.readers.operation.CachingOperationNameGenerator |Generating unique operation named: queryUsingHEAD_12
2021-02-17 13:23:49 |INFO  |main |CachingOperationNameGenerator.java:40 |springfox.documentation.spring.web.readers.operation.CachingOperationNameGenerator |Generating unique operation named: queryUsingPOST_14
2021-02-17 13:23:49 |INFO  |main |CachingOperationNameGenerator.java:40 |springfox.documentation.spring.web.readers.operation.CachingOperationNameGenerator |Generating unique operation named: queryUsingPUT_12
2021-02-17 13:23:49 |INFO  |main |CachingOperationNameGenerator.java:40 |springfox.documentation.spring.web.readers.operation.CachingOperationNameGenerator |Generating unique operation named: queryUsingPATCH_12
2021-02-17 13:23:50 |INFO  |main |CachingOperationNameGenerator.java:40 |springfox.documentation.spring.web.readers.operation.CachingOperationNameGenerator |Generating unique operation named: queryUsingDELETE_12
2021-02-17 13:23:50 |INFO  |main |CachingOperationNameGenerator.java:40 |springfox.documentation.spring.web.readers.operation.CachingOperationNameGenerator |Generating unique operation named: queryUsingOPTIONS_12
2021-02-17 13:23:50 |INFO  |main |CachingOperationNameGenerator.java:40 |springfox.documentation.spring.web.readers.operation.CachingOperationNameGenerator |Generating unique operation named: queryUsingTRACE_12
2021-02-17 13:23:50 |INFO  |main |CachingOperationNameGenerator.java:40 |springfox.documentation.spring.web.readers.operation.CachingOperationNameGenerator |Generating unique operation named: saveUsingPOST_7
2021-02-17 13:23:50 |INFO  |main |CachingOperationNameGenerator.java:40 |springfox.documentation.spring.web.readers.operation.CachingOperationNameGenerator |Generating unique operation named: delRoleUsingDELETE_1
2021-02-17 13:23:50 |INFO  |main |CachingOperationNameGenerator.java:40 |springfox.documentation.spring.web.readers.operation.CachingOperationNameGenerator |Generating unique operation named: deleteUsingPOST_15
2021-02-17 13:23:50 |INFO  |main |CachingOperationNameGenerator.java:40 |springfox.documentation.spring.web.readers.operation.CachingOperationNameGenerator |Generating unique operation named: detailUsingGET_31
2021-02-17 13:23:50 |INFO  |main |CachingOperationNameGenerator.java:40 |springfox.documentation.spring.web.readers.operation.CachingOperationNameGenerator |Generating unique operation named: detailUsingHEAD_6
2021-02-17 13:23:50 |INFO  |main |CachingOperationNameGenerator.java:40 |springfox.documentation.spring.web.readers.operation.CachingOperationNameGenerator |Generating unique operation named: detailUsingPOST_6
2021-02-17 13:23:50 |INFO  |main |CachingOperationNameGenerator.java:40 |springfox.documentation.spring.web.readers.operation.CachingOperationNameGenerator |Generating unique operation named: detailUsingPUT_6
2021-02-17 13:23:50 |INFO  |main |CachingOperationNameGenerator.java:40 |springfox.documentation.spring.web.readers.operation.CachingOperationNameGenerator |Generating unique operation named: detailUsingPATCH_6
2021-02-17 13:23:50 |INFO  |main |CachingOperationNameGenerator.java:40 |springfox.documentation.spring.web.readers.operation.CachingOperationNameGenerator |Generating unique operation named: detailUsingDELETE_6
2021-02-17 13:23:50 |INFO  |main |CachingOperationNameGenerator.java:40 |springfox.documentation.spring.web.readers.operation.CachingOperationNameGenerator |Generating unique operation named: detailUsingOPTIONS_6
2021-02-17 13:23:50 |INFO  |main |CachingOperationNameGenerator.java:40 |springfox.documentation.spring.web.readers.operation.CachingOperationNameGenerator |Generating unique operation named: detailUsingTRACE_6
2021-02-17 13:23:51 |INFO  |main |CachingOperationNameGenerator.java:40 |springfox.documentation.spring.web.readers.operation.CachingOperationNameGenerator |Generating unique operation named: getLoginUserUsingPOST_1
2021-02-17 13:23:51 |INFO  |main |CachingOperationNameGenerator.java:40 |springfox.documentation.spring.web.readers.operation.CachingOperationNameGenerator |Generating unique operation named: modifyUsingPOST_10
2021-02-17 13:23:51 |INFO  |main |CachingOperationNameGenerator.java:40 |springfox.documentation.spring.web.readers.operation.CachingOperationNameGenerator |Generating unique operation named: queryUsingGET_14
2021-02-17 13:23:51 |INFO  |main |CachingOperationNameGenerator.java:40 |springfox.documentation.spring.web.readers.operation.CachingOperationNameGenerator |Generating unique operation named: queryUsingHEAD_13
2021-02-17 13:23:51 |INFO  |main |CachingOperationNameGenerator.java:40 |springfox.documentation.spring.web.readers.operation.CachingOperationNameGenerator |Generating unique operation named: queryUsingPOST_15
2021-02-17 13:23:51 |INFO  |main |CachingOperationNameGenerator.java:40 |springfox.documentation.spring.web.readers.operation.CachingOperationNameGenerator |Generating unique operation named: queryUsingPUT_13
2021-02-17 13:23:51 |INFO  |main |CachingOperationNameGenerator.java:40 |springfox.documentation.spring.web.readers.operation.CachingOperationNameGenerator |Generating unique operation named: queryUsingPATCH_13
2021-02-17 13:23:51 |INFO  |main |CachingOperationNameGenerator.java:40 |springfox.documentation.spring.web.readers.operation.CachingOperationNameGenerator |Generating unique operation named: queryUsingDELETE_13
2021-02-17 13:23:51 |INFO  |main |CachingOperationNameGenerator.java:40 |springfox.documentation.spring.web.readers.operation.CachingOperationNameGenerator |Generating unique operation named: queryUsingOPTIONS_13
2021-02-17 13:23:51 |INFO  |main |CachingOperationNameGenerator.java:40 |springfox.documentation.spring.web.readers.operation.CachingOperationNameGenerator |Generating unique operation named: queryUsingTRACE_13
2021-02-17 13:23:51 |INFO  |main |CachingOperationNameGenerator.java:40 |springfox.documentation.spring.web.readers.operation.CachingOperationNameGenerator |Generating unique operation named: listUsingGET_1
2021-02-17 13:23:51 |INFO  |main |CachingOperationNameGenerator.java:40 |springfox.documentation.spring.web.readers.operation.CachingOperationNameGenerator |Generating unique operation named: listUsingGET_2
2021-02-17 13:23:51 |INFO  |main |CachingOperationNameGenerator.java:40 |springfox.documentation.spring.web.readers.operation.CachingOperationNameGenerator |Generating unique operation named: listUsingGET_3
2021-02-17 13:23:51 |INFO  |main |CachingOperationNameGenerator.java:40 |springfox.documentation.spring.web.readers.operation.CachingOperationNameGenerator |Generating unique operation named: listUsingGET_4
2021-02-17 13:23:51 |INFO  |main |CachingOperationNameGenerator.java:40 |springfox.documentation.spring.web.readers.operation.CachingOperationNameGenerator |Generating unique operation named: listUsingGET_5
2021-02-17 13:23:51 |INFO  |main |CachingOperationNameGenerator.java:40 |springfox.documentation.spring.web.readers.operation.CachingOperationNameGenerator |Generating unique operation named: listUsingGET_6
2021-02-17 13:23:51 |INFO  |main |CachingOperationNameGenerator.java:40 |springfox.documentation.spring.web.readers.operation.CachingOperationNameGenerator |Generating unique operation named: listUsingGET_7
2021-02-17 13:23:52 |INFO  |main |SchedulerFactoryBean.java:732 |org.springframework.scheduling.quartz.SchedulerFactoryBean |Will start Quartz Scheduler [schedulerFactoryBean] in 1 seconds
2021-02-17 13:23:53 |INFO  |main |StartupInfoLogger.java:61 |com.river.site.SiteApplication |Started SiteApplication in 617.467 seconds (JVM running for 650.329)
2021-02-17 13:23:53 |INFO  |Quartz Scheduler [schedulerFactoryBean] |SchedulerFactoryBean.java:748 |org.springframework.scheduling.quartz.SchedulerFactoryBean |Starting Quartz Scheduler now, after delay of 1 seconds
2021-02-17 13:23:54 |INFO  |Quartz Scheduler [schedulerFactoryBean] |JobStoreSupport.java:3583 |org.springframework.scheduling.quartz.LocalDataSourceJobStore |ClusterManager: detected 1 failed or restarted instances.
2021-02-17 13:23:54 |INFO  |Quartz Scheduler [schedulerFactoryBean] |JobStoreSupport.java:3442 |org.springframework.scheduling.quartz.LocalDataSourceJobStore |ClusterManager: Scanning for instance "DESKTOP-AFTLI5O1611481265419"'s failed in-progress jobs.
2021-02-17 13:23:54 |INFO  |Quartz Scheduler [schedulerFactoryBean] |QuartzScheduler.java:575 |org.quartz.core.QuartzScheduler |Scheduler schedulerFactoryBean_$_DESKTOP-AFTLI5O1613539306178 started.
2021-02-17 13:52:30 |INFO  |XNIO-1 task-1 |ServletContextImpl.java:364 |io.undertow.servlet |Initializing Spring DispatcherServlet 'dispatcherServlet'
2021-02-17 13:52:30 |INFO  |XNIO-1 task-1 |FrameworkServlet.java:525 |org.springframework.web.servlet.DispatcherServlet |Initializing Servlet 'dispatcherServlet'
2021-02-17 13:52:30 |INFO  |XNIO-1 task-1 |FrameworkServlet.java:547 |org.springframework.web.servlet.DispatcherServlet |Completed initialization in 56 ms
2021-02-17 13:52:30 |INFO  |XNIO-1 task-1 |PublicController.java:51 |com.river.system.controller.PublicController |加载个人主页菜单开始
2021-02-17 13:52:32 |INFO  |XNIO-1 task-1 |HikariDataSource.java:110 |com.zaxxer.hikari.HikariDataSource |HikariPool-2 - Starting...
2021-02-17 13:52:32 |INFO  |XNIO-1 task-1 |HikariDataSource.java:123 |com.zaxxer.hikari.HikariDataSource |HikariPool-2 - Start completed.
2021-02-17 13:52:32 |INFO  |XNIO-1 task-1 |PublicController.java:82 |com.river.system.controller.PublicController |加载个人主页菜单结束
2021-02-17 13:52:32 |INFO  |XNIO-1 task-1 |IndexController.java:59 |com.river.site.controller.publics.IndexController |加载首页数据开始
2021-02-17 13:52:33 |INFO  |XNIO-1 task-1 |IndexController.java:105 |com.river.site.controller.publics.IndexController |加载首页数据结束
2021-02-17 13:52:46 |INFO  |XNIO-1 task-1 |PublicController.java:51 |com.river.system.controller.PublicController |加载个人主页菜单开始
2021-02-17 13:52:52 |INFO  |XNIO-1 task-1 |PublicSiteConnentController.java:46 |com.river.site.controller.publics.PublicSiteConnentController |查询站点内容列表开始
2021-02-17 13:52:55 |INFO  |XNIO-1 task-1 |PublicNotebookController.java:51 |com.river.site.controller.publics.PublicNotebookController |获取笔记分类树
2021-02-17 13:52:55 |INFO  |XNIO-1 task-2 |PublicNotebookController.java:74 |com.river.site.controller.publics.PublicNotebookController |查询笔记列表开始
2021-02-17 17:43:06 |INFO  |XNIO-1 task-2 |PublicNotebookController.java:119 |com.river.site.controller.publics.PublicNotebookController |查询笔记详情开始
2021-02-17 17:43:06 |INFO  |XNIO-1 task-2 |PublicNotebookController.java:136 |com.river.site.controller.publics.PublicNotebookController |查询笔记详情结束
2021-02-17 17:43:11 |INFO  |XNIO-1 task-2 |PublicSiteConnentController.java:46 |com.river.site.controller.publics.PublicSiteConnentController |查询站点内容列表开始
